<?xml version="1.0" encoding="UTF-8"?>
<!-- Generated by org.testng.reporters.JUnitReportReporter -->
<testsuite hostname="DESKTOP-4F545DN" failures="0" tests="5" name="EC_Positive_TestCase.EC_OrderProduct" time="8.682" errors="0" timestamp="2023-02-03T13:36:12 IST" skipped="0">
  <testcase classname="EC_Positive_TestCase.EC_OrderProduct" name="getAccessToken" time="6.687"/>
  <system-out/>
  <testcase classname="EC_Positive_TestCase.EC_OrderProduct" name="createProduct" time="0.931"/>
  <system-out/>
  <testcase classname="EC_Positive_TestCase.EC_OrderProduct" name="createOrder" time="0.451"/>
  <system-out/>
  <testcase classname="EC_Positive_TestCase.EC_OrderProduct" name="viewOrderDetails" time="0.261"/>
  <system-out/>
  <testcase classname="EC_Positive_TestCase.EC_OrderProduct" name="deleteProduct" time="0.352"/>
  <system-out/>
</testsuite> <!-- EC_Positive_TestCase.EC_OrderProduct -->
