<?xml version="1.0" encoding="UTF-8"?>
<!-- Generated by org.testng.reporters.JUnitReportReporter -->
<testsuite hostname="DESKTOP-4F545DN" failures="0" tests="5" name="EC_Positive_TestCase.EC_OrderProduct_withSpec" time="8.269" errors="0" timestamp="2023-02-10T13:47:29 IST" skipped="0">
  <testcase classname="EC_Positive_TestCase.EC_OrderProduct_withSpec" name="getAccessToken" time="6.308"/>
  <system-out/>
  <testcase classname="EC_Positive_TestCase.EC_OrderProduct_withSpec" name="addProduct" time="0.876"/>
  <system-out/>
  <testcase classname="EC_Positive_TestCase.EC_OrderProduct_withSpec" name="placeOrder" time="0.530"/>
  <system-out/>
  <testcase classname="EC_Positive_TestCase.EC_OrderProduct_withSpec" name="viewOrderDetails" time="0.310"/>
  <system-out/>
  <testcase classname="EC_Positive_TestCase.EC_OrderProduct_withSpec" name="deleteProduct" time="0.245"/>
  <system-out/>
</testsuite> <!-- EC_Positive_TestCase.EC_OrderProduct_withSpec -->
